<?xml version="1.0" encoding="UTF-8"?>
<testsuite xmlns:xsi="http://www.w3.org/2001/XMLSchema-instance" xsi:noNamespaceSchemaLocation="https://maven.apache.org/surefire/maven-surefire-plugin/xsd/surefire-test-report.xsd" name="com.hsbc.qe.api.runner.RunAPITest" time="27.585" tests="23" errors="0" skipped="0" failures="0">
  <properties>
    <property name="gopherProxySet" value="false"/>
    <property name="awt.toolkit" value="sun.lwawt.macosx.LWCToolkit"/>
    <property name="file.encoding.pkg" value="sun.io"/>
    <property name="java.specification.version" value="1.8"/>
    <property name="sun.cpu.isalist" value=""/>
    <property name="sun.jnu.encoding" value="UTF-8"/>
    <property name="java.class.path" value="/Users/maypanwa/Documents/HSBC/GIT/hsbc-selenium-restassured/target/test-classes:/Users/maypanwa/Documents/HSBC/GIT/hsbc-selenium-restassured/target/classes:/Users/maypanwa/.m2/repository/com/fasterxml/jackson/core/jackson-databind/2.10.4/jackson-databind-2.10.4.jar:/Users/maypanwa/.m2/repository/com/fasterxml/jackson/core/jackson-annotations/2.10.4/jackson-annotations-2.10.4.jar:/Users/maypanwa/.m2/repository/com/fasterxml/jackson/core/jackson-core/2.10.4/jackson-core-2.10.4.jar:/Users/maypanwa/.m2/repository/junit/junit/4.13.1/junit-4.13.1.jar:/Users/maypanwa/.m2/repository/org/hamcrest/hamcrest-core/1.3/hamcrest-core-1.3.jar:/Users/maypanwa/.m2/repository/io/cucumber/cucumber-java/6.11.0/cucumber-java-6.11.0.jar:/Users/maypanwa/.m2/repository/io/cucumber/cucumber-core/6.11.0/cucumber-core-6.11.0.jar:/Users/maypanwa/.m2/repository/io/cucumber/cucumber-gherkin/6.11.0/cucumber-gherkin-6.11.0.jar:/Users/maypanwa/.m2/repository/io/cucumber/cucumber-gherkin-messages/6.11.0/cucumber-gherkin-messages-6.11.0.jar:/Users/maypanwa/.m2/repository/io/cucumber/messages/15.0.0/messages-15.0.0.jar:/Users/maypanwa/.m2/repository/io/cucumber/tag-expressions/3.0.1/tag-expressions-3.0.1.jar:/Users/maypanwa/.m2/repository/io/cucumber/cucumber-expressions/10.3.0/cucumber-expressions-10.3.0.jar:/Users/maypanwa/.m2/repository/io/cucumber/datatable/3.5.0/datatable-3.5.0.jar:/Users/maypanwa/.m2/repository/io/cucumber/cucumber-plugin/6.11.0/cucumber-plugin-6.11.0.jar:/Users/maypanwa/.m2/repository/io/cucumber/docstring/6.11.0/docstring-6.11.0.jar:/Users/maypanwa/.m2/repository/io/cucumber/html-formatter/13.0.0/html-formatter-13.0.0.jar:/Users/maypanwa/.m2/repository/io/cucumber/create-meta/4.0.0/create-meta-4.0.0.jar:/Users/maypanwa/.m2/repository/org/apiguardian/apiguardian-api/1.1.2/apiguardian-api-1.1.2.jar:/Users/maypanwa/.m2/repository/io/github/bonigarcia/webdrivermanager/5.0.3/webdrivermanager-5.0.3.jar:/Users/maypanwa/.m2/repository/org/jsoup/jsoup/1.14.2/jsoup-1.14.2.jar:/Users/maypanwa/.m2/repository/com/github/docker-java/docker-java/3.2.12/docker-java-3.2.12.jar:/Users/maypanwa/.m2/repository/com/github/docker-java/docker-java-core/3.2.12/docker-java-core-3.2.12.jar:/Users/maypanwa/.m2/repository/com/github/docker-java/docker-java-api/3.2.12/docker-java-api-3.2.12.jar:/Users/maypanwa/.m2/repository/org/apache/commons/commons-compress/1.21/commons-compress-1.21.jar:/Users/maypanwa/.m2/repository/commons-lang/commons-lang/2.6/commons-lang-2.6.jar:/Users/maypanwa/.m2/repository/org/bouncycastle/bcpkix-jdk15on/1.64/bcpkix-jdk15on-1.64.jar:/Users/maypanwa/.m2/repository/org/bouncycastle/bcprov-jdk15on/1.64/bcprov-jdk15on-1.64.jar:/Users/maypanwa/.m2/repository/org/slf4j/jcl-over-slf4j/1.7.30/jcl-over-slf4j-1.7.30.jar:/Users/maypanwa/.m2/repository/com/github/docker-java/docker-java-transport-httpclient5/3.2.12/docker-java-transport-httpclient5-3.2.12.jar:/Users/maypanwa/.m2/repository/com/github/docker-java/docker-java-transport/3.2.12/docker-java-transport-3.2.12.jar:/Users/maypanwa/.m2/repository/org/apache/httpcomponents/client5/httpclient5/5.0.3/httpclient5-5.0.3.jar:/Users/maypanwa/.m2/repository/org/apache/httpcomponents/core5/httpcore5/5.0.2/httpcore5-5.0.2.jar:/Users/maypanwa/.m2/repository/net/java/dev/jna/jna/5.8.0/jna-5.8.0.jar:/Users/maypanwa/.m2/repository/com/google/guava/guava/30.1.1-jre/guava-30.1.1-jre.jar:/Users/maypanwa/.m2/repository/com/google/guava/failureaccess/1.0.1/failureaccess-1.0.1.jar:/Users/maypanwa/.m2/repository/com/google/guava/listenablefuture/9999.0-empty-to-avoid-conflict-with-guava/listenablefuture-9999.0-empty-to-avoid-conflict-with-guava.jar:/Users/maypanwa/.m2/repository/com/google/code/findbugs/jsr305/3.0.2/jsr305-3.0.2.jar:/Users/maypanwa/.m2/repository/org/checkerframework/checker-qual/3.8.0/checker-qual-3.8.0.jar:/Users/maypanwa/.m2/repository/com/google/errorprone/error_prone_annotations/2.5.1/error_prone_annotations-2.5.1.jar:/Users/maypanwa/.m2/repository/com/google/j2objc/j2objc-annotations/1.3/j2objc-annotations-1.3.jar:/Users/maypanwa/.m2/repository/org/brotli/dec/0.1.2/dec-0.1.2.jar:/Users/maypanwa/.m2/repository/ch/qos/logback/logback-classic/1.2.0/logback-classic-1.2.0.jar:/Users/maypanwa/.m2/repository/ch/qos/logback/logback-core/1.2.3/logback-core-1.2.3.jar:/Users/maypanwa/.m2/repository/org/slf4j/slf4j-api/1.7.30/slf4j-api-1.7.30.jar:/Users/maypanwa/.m2/repository/org/seleniumhq/selenium/selenium-java/3.141.59/selenium-java-3.141.59.jar:/Users/maypanwa/.m2/repository/org/seleniumhq/selenium/selenium-api/3.141.59/selenium-api-3.141.59.jar:/Users/maypanwa/.m2/repository/org/seleniumhq/selenium/selenium-chrome-driver/3.141.59/selenium-chrome-driver-3.141.59.jar:/Users/maypanwa/.m2/repository/org/seleniumhq/selenium/selenium-edge-driver/3.141.59/selenium-edge-driver-3.141.59.jar:/Users/maypanwa/.m2/repository/org/seleniumhq/selenium/selenium-firefox-driver/3.141.59/selenium-firefox-driver-3.141.59.jar:/Users/maypanwa/.m2/repository/org/seleniumhq/selenium/selenium-ie-driver/3.141.59/selenium-ie-driver-3.141.59.jar:/Users/maypanwa/.m2/repository/org/seleniumhq/selenium/selenium-opera-driver/3.141.59/selenium-opera-driver-3.141.59.jar:/Users/maypanwa/.m2/repository/org/seleniumhq/selenium/selenium-remote-driver/3.141.59/selenium-remote-driver-3.141.59.jar:/Users/maypanwa/.m2/repository/org/seleniumhq/selenium/selenium-safari-driver/3.141.59/selenium-safari-driver-3.141.59.jar:/Users/maypanwa/.m2/repository/org/seleniumhq/selenium/selenium-support/3.141.59/selenium-support-3.141.59.jar:/Users/maypanwa/.m2/repository/net/bytebuddy/byte-buddy/1.8.15/byte-buddy-1.8.15.jar:/Users/maypanwa/.m2/repository/org/apache/commons/commons-exec/1.3/commons-exec-1.3.jar:/Users/maypanwa/.m2/repository/com/squareup/okhttp3/okhttp/3.11.0/okhttp-3.11.0.jar:/Users/maypanwa/.m2/repository/com/squareup/okio/okio/1.14.0/okio-1.14.0.jar:/Users/maypanwa/.m2/repository/io/cucumber/cucumber-junit/6.11.0/cucumber-junit-6.11.0.jar:/Users/maypanwa/.m2/repository/io/cucumber/cucumber-picocontainer/6.11.0/cucumber-picocontainer-6.11.0.jar:/Users/maypanwa/.m2/repository/org/picocontainer/picocontainer/2.15/picocontainer-2.15.jar:/Users/maypanwa/.m2/repository/log4j/log4j/1.2.17/log4j-1.2.17.jar:/Users/maypanwa/.m2/repository/com/google/code/gson/gson/2.6.2/gson-2.6.2.jar:/Users/maypanwa/.m2/repository/org/yaml/snakeyaml/1.26/snakeyaml-1.26.jar:/Users/maypanwa/.m2/repository/io/rest-assured/rest-assured/4.0.0/rest-assured-4.0.0.jar:/Users/maypanwa/.m2/repository/org/codehaus/groovy/groovy/2.5.6/groovy-2.5.6.jar:/Users/maypanwa/.m2/repository/org/codehaus/groovy/groovy-xml/2.5.6/groovy-xml-2.5.6.jar:/Users/maypanwa/.m2/repository/org/apache/httpcomponents/httpclient/4.5.3/httpclient-4.5.3.jar:/Users/maypanwa/.m2/repository/org/apache/httpcomponents/httpcore/4.4.6/httpcore-4.4.6.jar:/Users/maypanwa/.m2/repository/commons-logging/commons-logging/1.2/commons-logging-1.2.jar:/Users/maypanwa/.m2/repository/commons-codec/commons-codec/1.9/commons-codec-1.9.jar:/Users/maypanwa/.m2/repository/org/apache/httpcomponents/httpmime/4.5.3/httpmime-4.5.3.jar:/Users/maypanwa/.m2/repository/org/hamcrest/hamcrest-library/2.1/hamcrest-library-2.1.jar:/Users/maypanwa/.m2/repository/org/ccil/cowan/tagsoup/tagsoup/1.2.1/tagsoup-1.2.1.jar:/Users/maypanwa/.m2/repository/io/rest-assured/json-path/4.0.0/json-path-4.0.0.jar:/Users/maypanwa/.m2/repository/org/codehaus/groovy/groovy-json/2.5.6/groovy-json-2.5.6.jar:/Users/maypanwa/.m2/repository/io/rest-assured/rest-assured-common/4.0.0/rest-assured-common-4.0.0.jar:/Users/maypanwa/.m2/repository/io/rest-assured/xml-path/4.0.0/xml-path-4.0.0.jar:/Users/maypanwa/.m2/repository/javax/xml/bind/jaxb-api/2.2.12/jaxb-api-2.2.12.jar:/Users/maypanwa/.m2/repository/com/sun/xml/bind/jaxb-osgi/2.2.10/jaxb-osgi-2.2.10.jar:/Users/maypanwa/.m2/repository/org/apache/sling/org.apache.sling.javax.activation/0.1.0/org.apache.sling.javax.activation-0.1.0.jar:/Users/maypanwa/.m2/repository/javax/activation/activation/1.1.1/activation-1.1.1.jar:/Users/maypanwa/.m2/repository/io/rest-assured/json-schema-validator/4.0.0/json-schema-validator-4.0.0.jar:/Users/maypanwa/.m2/repository/com/github/java-json-tools/json-schema-validator/2.2.10/json-schema-validator-2.2.10.jar:/Users/maypanwa/.m2/repository/com/github/java-json-tools/json-schema-core/1.2.10/json-schema-core-1.2.10.jar:/Users/maypanwa/.m2/repository/com/github/java-json-tools/jackson-coreutils/1.9/jackson-coreutils-1.9.jar:/Users/maypanwa/.m2/repository/com/github/fge/msg-simple/1.1/msg-simple-1.1.jar:/Users/maypanwa/.m2/repository/com/github/fge/btf/1.2/btf-1.2.jar:/Users/maypanwa/.m2/repository/com/github/fge/uri-template/0.9/uri-template-0.9.jar:/Users/maypanwa/.m2/repository/org/mozilla/rhino/1.7.7.1/rhino-1.7.7.1.jar:/Users/maypanwa/.m2/repository/javax/mail/mailapi/1.4.3/mailapi-1.4.3.jar:/Users/maypanwa/.m2/repository/joda-time/joda-time/2.9.7/joda-time-2.9.7.jar:/Users/maypanwa/.m2/repository/com/googlecode/libphonenumber/libphonenumber/8.0.0/libphonenumber-8.0.0.jar:/Users/maypanwa/.m2/repository/net/sf/jopt-simple/jopt-simple/5.0.3/jopt-simple-5.0.3.jar:/Users/maypanwa/.m2/repository/org/hamcrest/hamcrest/2.1/hamcrest-2.1.jar:/Users/maypanwa/.m2/repository/com/jayway/jsonpath/json-path/2.4.0/json-path-2.4.0.jar:/Users/maypanwa/.m2/repository/net/minidev/json-smart/2.3/json-smart-2.3.jar:/Users/maypanwa/.m2/repository/net/minidev/accessors-smart/1.2/accessors-smart-1.2.jar:/Users/maypanwa/.m2/repository/org/ow2/asm/asm/5.0.4/asm-5.0.4.jar:/Users/maypanwa/.m2/repository/com/jayway/jsonpath/json-path-assert/2.4.0/json-path-assert-2.4.0.jar:/Users/maypanwa/.m2/repository/org/skyscreamer/jsonassert/1.5.0/jsonassert-1.5.0.jar:/Users/maypanwa/.m2/repository/com/vaadin/external/google/android-json/0.0.20131108.vaadin1/android-json-0.0.20131108.vaadin1.jar:/Users/maypanwa/.m2/repository/org/apache/commons/commons-lang3/3.9/commons-lang3-3.9.jar:/Users/maypanwa/.m2/repository/commons-io/commons-io/2.6/commons-io-2.6.jar:/Users/maypanwa/.m2/repository/org/xmlunit/xmlunit-core/2.6.3/xmlunit-core-2.6.3.jar:/Users/maypanwa/.m2/repository/org/assertj/assertj-core/3.13.2/assertj-core-3.13.2.jar:/Users/maypanwa/.m2/repository/org/xmlunit/xmlunit-assertj/2.6.3/xmlunit-assertj-2.6.3.jar:/Users/maypanwa/.m2/repository/io/qameta/allure/allure-cucumber6-jvm/2.17.0/allure-cucumber6-jvm-2.17.0.jar:/Users/maypanwa/.m2/repository/io/qameta/allure/allure-java-commons/2.17.0/allure-java-commons-2.17.0.jar:/Users/maypanwa/.m2/repository/io/qameta/allure/allure-model/2.17.0/allure-model-2.17.0.jar:/Users/maypanwa/.m2/repository/io/cucumber/gherkin/18.0.0/gherkin-18.0.0.jar:/Users/maypanwa/.m2/repository/com/github/dzieciou/testing/curl-logger/1.0.3/curl-logger-1.0.3.jar:"/>
    <property name="java.vm.vendor" value="Oracle Corporation"/>
    <property name="sun.arch.data.model" value="64"/>
    <property name="java.vendor.url" value="http://java.oracle.com/"/>
    <property name="user.timezone" value=""/>
    <property name="java.vm.specification.version" value="1.8"/>
    <property name="os.name" value="Mac OS X"/>
    <property name="user.country" value="AE"/>
    <property name="sun.java.launcher" value="SUN_STANDARD"/>
    <property name="sun.boot.library.path" value="/Library/Java/JavaVirtualMachines/jdk1.8.0_241.jdk/Contents/Home/jre/lib"/>
    <property name="sun.java.command" value="/Users/maypanwa/Documents/HSBC/GIT/hsbc-selenium-restassured/target/surefire/surefirebooter4442743112546008129.jar /Users/maypanwa/Documents/HSBC/GIT/hsbc-selenium-restassured/target/surefire 2022-02-10T19-53-59_939-jvmRun1 surefire2816370234026407328tmp surefire_0979880899456145095tmp"/>
    <property name="test" value="RunAPITest"/>
    <property name="surefire.test.class.path" value="/Users/maypanwa/Documents/HSBC/GIT/hsbc-selenium-restassured/target/test-classes:/Users/maypanwa/Documents/HSBC/GIT/hsbc-selenium-restassured/target/classes:/Users/maypanwa/.m2/repository/com/fasterxml/jackson/core/jackson-databind/2.10.4/jackson-databind-2.10.4.jar:/Users/maypanwa/.m2/repository/com/fasterxml/jackson/core/jackson-annotations/2.10.4/jackson-annotations-2.10.4.jar:/Users/maypanwa/.m2/repository/com/fasterxml/jackson/core/jackson-core/2.10.4/jackson-core-2.10.4.jar:/Users/maypanwa/.m2/repository/junit/junit/4.13.1/junit-4.13.1.jar:/Users/maypanwa/.m2/repository/org/hamcrest/hamcrest-core/1.3/hamcrest-core-1.3.jar:/Users/maypanwa/.m2/repository/io/cucumber/cucumber-java/6.11.0/cucumber-java-6.11.0.jar:/Users/maypanwa/.m2/repository/io/cucumber/cucumber-core/6.11.0/cucumber-core-6.11.0.jar:/Users/maypanwa/.m2/repository/io/cucumber/cucumber-gherkin/6.11.0/cucumber-gherkin-6.11.0.jar:/Users/maypanwa/.m2/repository/io/cucumber/cucumber-gherkin-messages/6.11.0/cucumber-gherkin-messages-6.11.0.jar:/Users/maypanwa/.m2/repository/io/cucumber/messages/15.0.0/messages-15.0.0.jar:/Users/maypanwa/.m2/repository/io/cucumber/tag-expressions/3.0.1/tag-expressions-3.0.1.jar:/Users/maypanwa/.m2/repository/io/cucumber/cucumber-expressions/10.3.0/cucumber-expressions-10.3.0.jar:/Users/maypanwa/.m2/repository/io/cucumber/datatable/3.5.0/datatable-3.5.0.jar:/Users/maypanwa/.m2/repository/io/cucumber/cucumber-plugin/6.11.0/cucumber-plugin-6.11.0.jar:/Users/maypanwa/.m2/repository/io/cucumber/docstring/6.11.0/docstring-6.11.0.jar:/Users/maypanwa/.m2/repository/io/cucumber/html-formatter/13.0.0/html-formatter-13.0.0.jar:/Users/maypanwa/.m2/repository/io/cucumber/create-meta/4.0.0/create-meta-4.0.0.jar:/Users/maypanwa/.m2/repository/org/apiguardian/apiguardian-api/1.1.2/apiguardian-api-1.1.2.jar:/Users/maypanwa/.m2/repository/io/github/bonigarcia/webdrivermanager/5.0.3/webdrivermanager-5.0.3.jar:/Users/maypanwa/.m2/repository/org/jsoup/jsoup/1.14.2/jsoup-1.14.2.jar:/Users/maypanwa/.m2/repository/com/github/docker-java/docker-java/3.2.12/docker-java-3.2.12.jar:/Users/maypanwa/.m2/repository/com/github/docker-java/docker-java-core/3.2.12/docker-java-core-3.2.12.jar:/Users/maypanwa/.m2/repository/com/github/docker-java/docker-java-api/3.2.12/docker-java-api-3.2.12.jar:/Users/maypanwa/.m2/repository/org/apache/commons/commons-compress/1.21/commons-compress-1.21.jar:/Users/maypanwa/.m2/repository/commons-lang/commons-lang/2.6/commons-lang-2.6.jar:/Users/maypanwa/.m2/repository/org/bouncycastle/bcpkix-jdk15on/1.64/bcpkix-jdk15on-1.64.jar:/Users/maypanwa/.m2/repository/org/bouncycastle/bcprov-jdk15on/1.64/bcprov-jdk15on-1.64.jar:/Users/maypanwa/.m2/repository/org/slf4j/jcl-over-slf4j/1.7.30/jcl-over-slf4j-1.7.30.jar:/Users/maypanwa/.m2/repository/com/github/docker-java/docker-java-transport-httpclient5/3.2.12/docker-java-transport-httpclient5-3.2.12.jar:/Users/maypanwa/.m2/repository/com/github/docker-java/docker-java-transport/3.2.12/docker-java-transport-3.2.12.jar:/Users/maypanwa/.m2/repository/org/apache/httpcomponents/client5/httpclient5/5.0.3/httpclient5-5.0.3.jar:/Users/maypanwa/.m2/repository/org/apache/httpcomponents/core5/httpcore5/5.0.2/httpcore5-5.0.2.jar:/Users/maypanwa/.m2/repository/net/java/dev/jna/jna/5.8.0/jna-5.8.0.jar:/Users/maypanwa/.m2/repository/com/google/guava/guava/30.1.1-jre/guava-30.1.1-jre.jar:/Users/maypanwa/.m2/repository/com/google/guava/failureaccess/1.0.1/failureaccess-1.0.1.jar:/Users/maypanwa/.m2/repository/com/google/guava/listenablefuture/9999.0-empty-to-avoid-conflict-with-guava/listenablefuture-9999.0-empty-to-avoid-conflict-with-guava.jar:/Users/maypanwa/.m2/repository/com/google/code/findbugs/jsr305/3.0.2/jsr305-3.0.2.jar:/Users/maypanwa/.m2/repository/org/checkerframework/checker-qual/3.8.0/checker-qual-3.8.0.jar:/Users/maypanwa/.m2/repository/com/google/errorprone/error_prone_annotations/2.5.1/error_prone_annotations-2.5.1.jar:/Users/maypanwa/.m2/repository/com/google/j2objc/j2objc-annotations/1.3/j2objc-annotations-1.3.jar:/Users/maypanwa/.m2/repository/org/brotli/dec/0.1.2/dec-0.1.2.jar:/Users/maypanwa/.m2/repository/ch/qos/logback/logback-classic/1.2.0/logback-classic-1.2.0.jar:/Users/maypanwa/.m2/repository/ch/qos/logback/logback-core/1.2.3/logback-core-1.2.3.jar:/Users/maypanwa/.m2/repository/org/slf4j/slf4j-api/1.7.30/slf4j-api-1.7.30.jar:/Users/maypanwa/.m2/repository/org/seleniumhq/selenium/selenium-java/3.141.59/selenium-java-3.141.59.jar:/Users/maypanwa/.m2/repository/org/seleniumhq/selenium/selenium-api/3.141.59/selenium-api-3.141.59.jar:/Users/maypanwa/.m2/repository/org/seleniumhq/selenium/selenium-chrome-driver/3.141.59/selenium-chrome-driver-3.141.59.jar:/Users/maypanwa/.m2/repository/org/seleniumhq/selenium/selenium-edge-driver/3.141.59/selenium-edge-driver-3.141.59.jar:/Users/maypanwa/.m2/repository/org/seleniumhq/selenium/selenium-firefox-driver/3.141.59/selenium-firefox-driver-3.141.59.jar:/Users/maypanwa/.m2/repository/org/seleniumhq/selenium/selenium-ie-driver/3.141.59/selenium-ie-driver-3.141.59.jar:/Users/maypanwa/.m2/repository/org/seleniumhq/selenium/selenium-opera-driver/3.141.59/selenium-opera-driver-3.141.59.jar:/Users/maypanwa/.m2/repository/org/seleniumhq/selenium/selenium-remote-driver/3.141.59/selenium-remote-driver-3.141.59.jar:/Users/maypanwa/.m2/repository/org/seleniumhq/selenium/selenium-safari-driver/3.141.59/selenium-safari-driver-3.141.59.jar:/Users/maypanwa/.m2/repository/org/seleniumhq/selenium/selenium-support/3.141.59/selenium-support-3.141.59.jar:/Users/maypanwa/.m2/repository/net/bytebuddy/byte-buddy/1.8.15/byte-buddy-1.8.15.jar:/Users/maypanwa/.m2/repository/org/apache/commons/commons-exec/1.3/commons-exec-1.3.jar:/Users/maypanwa/.m2/repository/com/squareup/okhttp3/okhttp/3.11.0/okhttp-3.11.0.jar:/Users/maypanwa/.m2/repository/com/squareup/okio/okio/1.14.0/okio-1.14.0.jar:/Users/maypanwa/.m2/repository/io/cucumber/cucumber-junit/6.11.0/cucumber-junit-6.11.0.jar:/Users/maypanwa/.m2/repository/io/cucumber/cucumber-picocontainer/6.11.0/cucumber-picocontainer-6.11.0.jar:/Users/maypanwa/.m2/repository/org/picocontainer/picocontainer/2.15/picocontainer-2.15.jar:/Users/maypanwa/.m2/repository/log4j/log4j/1.2.17/log4j-1.2.17.jar:/Users/maypanwa/.m2/repository/com/google/code/gson/gson/2.6.2/gson-2.6.2.jar:/Users/maypanwa/.m2/repository/org/yaml/snakeyaml/1.26/snakeyaml-1.26.jar:/Users/maypanwa/.m2/repository/io/rest-assured/rest-assured/4.0.0/rest-assured-4.0.0.jar:/Users/maypanwa/.m2/repository/org/codehaus/groovy/groovy/2.5.6/groovy-2.5.6.jar:/Users/maypanwa/.m2/repository/org/codehaus/groovy/groovy-xml/2.5.6/groovy-xml-2.5.6.jar:/Users/maypanwa/.m2/repository/org/apache/httpcomponents/httpclient/4.5.3/httpclient-4.5.3.jar:/Users/maypanwa/.m2/repository/org/apache/httpcomponents/httpcore/4.4.6/httpcore-4.4.6.jar:/Users/maypanwa/.m2/repository/commons-logging/commons-logging/1.2/commons-logging-1.2.jar:/Users/maypanwa/.m2/repository/commons-codec/commons-codec/1.9/commons-codec-1.9.jar:/Users/maypanwa/.m2/repository/org/apache/httpcomponents/httpmime/4.5.3/httpmime-4.5.3.jar:/Users/maypanwa/.m2/repository/org/hamcrest/hamcrest-library/2.1/hamcrest-library-2.1.jar:/Users/maypanwa/.m2/repository/org/ccil/cowan/tagsoup/tagsoup/1.2.1/tagsoup-1.2.1.jar:/Users/maypanwa/.m2/repository/io/rest-assured/json-path/4.0.0/json-path-4.0.0.jar:/Users/maypanwa/.m2/repository/org/codehaus/groovy/groovy-json/2.5.6/groovy-json-2.5.6.jar:/Users/maypanwa/.m2/repository/io/rest-assured/rest-assured-common/4.0.0/rest-assured-common-4.0.0.jar:/Users/maypanwa/.m2/repository/io/rest-assured/xml-path/4.0.0/xml-path-4.0.0.jar:/Users/maypanwa/.m2/repository/javax/xml/bind/jaxb-api/2.2.12/jaxb-api-2.2.12.jar:/Users/maypanwa/.m2/repository/com/sun/xml/bind/jaxb-osgi/2.2.10/jaxb-osgi-2.2.10.jar:/Users/maypanwa/.m2/repository/org/apache/sling/org.apache.sling.javax.activation/0.1.0/org.apache.sling.javax.activation-0.1.0.jar:/Users/maypanwa/.m2/repository/javax/activation/activation/1.1.1/activation-1.1.1.jar:/Users/maypanwa/.m2/repository/io/rest-assured/json-schema-validator/4.0.0/json-schema-validator-4.0.0.jar:/Users/maypanwa/.m2/repository/com/github/java-json-tools/json-schema-validator/2.2.10/json-schema-validator-2.2.10.jar:/Users/maypanwa/.m2/repository/com/github/java-json-tools/json-schema-core/1.2.10/json-schema-core-1.2.10.jar:/Users/maypanwa/.m2/repository/com/github/java-json-tools/jackson-coreutils/1.9/jackson-coreutils-1.9.jar:/Users/maypanwa/.m2/repository/com/github/fge/msg-simple/1.1/msg-simple-1.1.jar:/Users/maypanwa/.m2/repository/com/github/fge/btf/1.2/btf-1.2.jar:/Users/maypanwa/.m2/repository/com/github/fge/uri-template/0.9/uri-template-0.9.jar:/Users/maypanwa/.m2/repository/org/mozilla/rhino/1.7.7.1/rhino-1.7.7.1.jar:/Users/maypanwa/.m2/repository/javax/mail/mailapi/1.4.3/mailapi-1.4.3.jar:/Users/maypanwa/.m2/repository/joda-time/joda-time/2.9.7/joda-time-2.9.7.jar:/Users/maypanwa/.m2/repository/com/googlecode/libphonenumber/libphonenumber/8.0.0/libphonenumber-8.0.0.jar:/Users/maypanwa/.m2/repository/net/sf/jopt-simple/jopt-simple/5.0.3/jopt-simple-5.0.3.jar:/Users/maypanwa/.m2/repository/org/hamcrest/hamcrest/2.1/hamcrest-2.1.jar:/Users/maypanwa/.m2/repository/com/jayway/jsonpath/json-path/2.4.0/json-path-2.4.0.jar:/Users/maypanwa/.m2/repository/net/minidev/json-smart/2.3/json-smart-2.3.jar:/Users/maypanwa/.m2/repository/net/minidev/accessors-smart/1.2/accessors-smart-1.2.jar:/Users/maypanwa/.m2/repository/org/ow2/asm/asm/5.0.4/asm-5.0.4.jar:/Users/maypanwa/.m2/repository/com/jayway/jsonpath/json-path-assert/2.4.0/json-path-assert-2.4.0.jar:/Users/maypanwa/.m2/repository/org/skyscreamer/jsonassert/1.5.0/jsonassert-1.5.0.jar:/Users/maypanwa/.m2/repository/com/vaadin/external/google/android-json/0.0.20131108.vaadin1/android-json-0.0.20131108.vaadin1.jar:/Users/maypanwa/.m2/repository/org/apache/commons/commons-lang3/3.9/commons-lang3-3.9.jar:/Users/maypanwa/.m2/repository/commons-io/commons-io/2.6/commons-io-2.6.jar:/Users/maypanwa/.m2/repository/org/xmlunit/xmlunit-core/2.6.3/xmlunit-core-2.6.3.jar:/Users/maypanwa/.m2/repository/org/assertj/assertj-core/3.13.2/assertj-core-3.13.2.jar:/Users/maypanwa/.m2/repository/org/xmlunit/xmlunit-assertj/2.6.3/xmlunit-assertj-2.6.3.jar:/Users/maypanwa/.m2/repository/io/qameta/allure/allure-cucumber6-jvm/2.17.0/allure-cucumber6-jvm-2.17.0.jar:/Users/maypanwa/.m2/repository/io/qameta/allure/allure-java-commons/2.17.0/allure-java-commons-2.17.0.jar:/Users/maypanwa/.m2/repository/io/qameta/allure/allure-model/2.17.0/allure-model-2.17.0.jar:/Users/maypanwa/.m2/repository/io/cucumber/gherkin/18.0.0/gherkin-18.0.0.jar:/Users/maypanwa/.m2/repository/com/github/dzieciou/testing/curl-logger/1.0.3/curl-logger-1.0.3.jar:"/>
    <property name="sun.cpu.endian" value="little"/>
    <property name="allure.results.directory" value="/Users/maypanwa/Documents/HSBC/GIT/hsbc-selenium-restassured/target/allure-results"/>
    <property name="user.home" value="/Users/maypanwa"/>
    <property name="user.language" value="en"/>
    <property name="java.specification.vendor" value="Oracle Corporation"/>
    <property name="java.home" value="/Library/Java/JavaVirtualMachines/jdk1.8.0_241.jdk/Contents/Home/jre"/>
    <property name="basedir" value="/Users/maypanwa/Documents/HSBC/GIT/hsbc-selenium-restassured"/>
    <property name="file.separator" value="/"/>
    <property name="line.separator" value="&#10;"/>
    <property name="java.vm.specification.vendor" value="Oracle Corporation"/>
    <property name="java.specification.name" value="Java Platform API Specification"/>
    <property name="java.awt.graphicsenv" value="sun.awt.CGraphicsEnvironment"/>
    <property name="surefire.real.class.path" value="/Users/maypanwa/Documents/HSBC/GIT/hsbc-selenium-restassured/target/surefire/surefirebooter4442743112546008129.jar:/Users/maypanwa/.m2/repository/org/aspectj/aspectjweaver/1.8.10/aspectjweaver-1.8.10.jar"/>
    <property name="sun.boot.class.path" value="/Library/Java/JavaVirtualMachines/jdk1.8.0_241.jdk/Contents/Home/jre/lib/resources.jar:/Library/Java/JavaVirtualMachines/jdk1.8.0_241.jdk/Contents/Home/jre/lib/rt.jar:/Library/Java/JavaVirtualMachines/jdk1.8.0_241.jdk/Contents/Home/jre/lib/sunrsasign.jar:/Library/Java/JavaVirtualMachines/jdk1.8.0_241.jdk/Contents/Home/jre/lib/jsse.jar:/Library/Java/JavaVirtualMachines/jdk1.8.0_241.jdk/Contents/Home/jre/lib/jce.jar:/Library/Java/JavaVirtualMachines/jdk1.8.0_241.jdk/Contents/Home/jre/lib/charsets.jar:/Library/Java/JavaVirtualMachines/jdk1.8.0_241.jdk/Contents/Home/jre/lib/jfr.jar:/Library/Java/JavaVirtualMachines/jdk1.8.0_241.jdk/Contents/Home/jre/classes"/>
    <property name="sun.management.compiler" value="HotSpot 64-Bit Tiered Compilers"/>
    <property name="java.runtime.version" value="1.8.0_241-b07"/>
    <property name="user.name" value="maypanwa"/>
    <property name="path.separator" value=":"/>
    <property name="os.version" value="10.16"/>
    <property name="java.endorsed.dirs" value="/Library/Java/JavaVirtualMachines/jdk1.8.0_241.jdk/Contents/Home/jre/lib/endorsed"/>
    <property name="java.runtime.name" value="Java(TM) SE Runtime Environment"/>
    <property name="file.encoding" value="UTF-8"/>
    <property name="java.vm.name" value="Java HotSpot(TM) 64-Bit Server VM"/>
    <property name="localRepository" value="/Users/maypanwa/.m2/repository"/>
    <property name="java.vendor.url.bug" value="http://bugreport.sun.com/bugreport/"/>
    <property name="java.io.tmpdir" value="/var/folders/xs/j546y26541b3ywcf38kg09d5q64mhv/T/"/>
    <property name="java.version" value="1.8.0_241"/>
    <property name="user.dir" value="/Users/maypanwa/Documents/HSBC/GIT/hsbc-selenium-restassured"/>
    <property name="os.arch" value="x86_64"/>
    <property name="java.vm.specification.name" value="Java Virtual Machine Specification"/>
    <property name="java.awt.printerjob" value="sun.lwawt.macosx.CPrinterJob"/>
    <property name="sun.os.patch.level" value="unknown"/>
    <property name="java.library.path" value="/Users/maypanwa/Library/Java/Extensions:/Library/Java/Extensions:/Network/Library/Java/Extensions:/System/Library/Java/Extensions:/usr/lib/java:."/>
    <property name="java.vm.info" value="mixed mode"/>
    <property name="java.vendor" value="Oracle Corporation"/>
    <property name="java.vm.version" value="25.241-b07"/>
    <property name="java.ext.dirs" value="/Users/maypanwa/Library/Java/Extensions:/Library/Java/JavaVirtualMachines/jdk1.8.0_241.jdk/Contents/Home/jre/lib/ext:/Library/Java/Extensions:/Network/Library/Java/Extensions:/System/Library/Java/Extensions:/usr/lib/java"/>
    <property name="sun.io.unicode.encoding" value="UnicodeBig"/>
    <property name="java.class.version" value="52.0"/>
  </properties>
  <testcase name="Get users Status #1" classname="List Users" time="3.533"/>
  <testcase name="Get users Status #2" classname="List Users" time="0.768"/>
  <testcase name="Get users Status #3" classname="List Users" time="1.481"/>
  <testcase name="get user element comparison #1" classname="List Users" time="1.067"/>
  <testcase name="get user element comparison #2" classname="List Users" time="0.751"/>
  <testcase name="Get Schema comparison #1" classname="List Users" time="1.089"/>
  <testcase name="Get Schema comparison #2" classname="List Users" time="0.747"/>
  <testcase name="Get Response comparison #1" classname="List Users" time="1.529"/>
  <testcase name="Get Response comparison #2" classname="List Users" time="0.622"/>
  <testcase name="Delete User" classname="delete Users" time="1.402"/>
  <testcase name="Create user status codes #1" classname="Create Users" time="1.515"/>
  <testcase name="Create user status codes #2" classname="Create Users" time="1.488"/>
  <testcase name="Create user status codes #3" classname="Create Users" time="0.722"/>
  <testcase name="create user element comparison #1" classname="Create Users" time="0.776"/>
  <testcase name="create user element comparison #2" classname="Create Users" time="0.892"/>
  <testcase name="create user element comparison #3" classname="Create Users" time="0.79"/>
  <testcase name="user Schema comparison #1" classname="Create Users" time="1.449"/>
  <testcase name="user Schema comparison #2" classname="Create Users" time="0.664"/>
  <testcase name="user Schema comparison #3" classname="Create Users" time="0.704"/>
  <testcase name="users Response comparison #1" classname="Create Users" time="0.793"/>
  <testcase name="users Response comparison #2" classname="Create Users" time="1.298"/>
  <testcase name="users Response comparison #3" classname="Create Users" time="1.415"/>
  <testcase name="Update User" classname="Update Users" time="0.693"/>
</testsuite>